 Mon Feb  5 19:22:13 2018

 Command: sortmerna --ref /databases/gg/13_8/rep_set/97_otus.fasta,/projects/qiita_data/working_dir/37b365fc-755d-4b32-b2e9-2a5ef9d2c6fa/cr_otus/sortmerna_picked_otus/97_otus -e 1.0 --aligned /projects/qiita_data/working_dir/37b365fc-755d-4b32-b2e9-2a5ef9d2c6fa/cr_otus/sortmerna_picked_otus/sortmerna_otus -a 5 --id 0.97 --coverage 0.97 --log --otu_map --reads /projects/qiita_data/tmp/SortMeRNAExactMatchFilterd2uqYz.fasta --de_novo_otu -v --best 1 --fastx 
 Process pid = 40444
 Parameters summary:
    Index: /projects/qiita_data/working_dir/37b365fc-755d-4b32-b2e9-2a5ef9d2c6fa/cr_otus/sortmerna_picked_otus/97_otus
     Seed length = 18
     Pass 1 = 18, Pass 2 = 9, Pass 3 = 3
     Gumbel lambda = 0.600470
     Gumbel K = 0.327880
     Minimal SW score based on E-value = 52
    Number of seeds = 2
    Edges = 4 (as integer)
    SW match = 2
    SW mismatch = -3
    SW gap open penalty = 5
    SW gap extend penalty = 2
    SW ambiguous nucleotide = -3
    SQ tags are not output
    Number of threads = 5
    Reads file = /projects/qiita_data/tmp/SortMeRNAExactMatchFilterd2uqYz.fasta

 Results:
    Total reads = 13875
    Total reads for de novo clustering = 836
    Total reads passing E-value threshold = 13812 (99.55%)
    Total reads failing E-value threshold = 63 (0.45%)
    Minimum read length = 90
    Maximum read length = 90
    Mean read length = 90
 By database:
    /databases/gg/13_8/rep_set/97_otus.fasta		99.55%
 Total reads passing %id and %coverage thresholds = 12976
 Total OTUs = 3253
